生成启动时间为 2021/6/7 16:15:28。
     1>项目“D:\Workspace\readSharedMemory\readSharedMemory.vcxproj”在节点 2 上(Build 个目标)。
     1>CustomBuild:
         Generate moc_predefs.h
       QtWork:
         Uic'ing widget.ui...
         Moc'ing widget.h...
       ClCompile:
         C:\Program Files (x86)\Microsoft Visual Studio 12.0\VC\bin\x86_amd64\CL.exe /c /I.\GeneratedFiles\Debug /I.\GeneratedFiles /I. /IC:\Qt\Qt5.10.1\5.10.1\msvc2013_64\include /IC:\Qt\Qt5.10.1\5.10.1\msvc2013_64\include\QtWidgets /IC:\Qt\Qt5.10.1\5.10.1\msvc2013_64\include\QtGui /IC:\Qt\Qt5.10.1\5.10.1\msvc2013_64\include\QtANGLE /IC:\Qt\Qt5.10.1\5.10.1\msvc2013_64\include\QtCore /Idebug /I"C:\Qt\Qt5.10.1\5.10.1\msvc2013_64\mkspecs\win32-msvc" /Zi /nologo /W3 /WX- /MP /Od /D _WINDOWS /D UNICODE /D _UNICODE /D WIN32 /D WIN64 /D QT_DEPRECATED_WARNINGS /D QT_WIDGETS_LIB /D QT_GUI_LIB /D QT_CORE_LIB /Gm- /EHsc /MDd /GS /fp:precise /Zc:wchar_t /Zc:forScope /Fo"x64\Debug\\" /Fd"x64\Debug\vc120.pdb" /Gd /TP /errorReport:prompt -Zc:rvalueCast -Zc:inline -w34100 -w34189 -w44996 main.cpp widget.cpp Debug\moc_widget.cpp
         main.cpp
         widget.cpp
         moc_widget.cpp
     1>d:\workspace\readsharedmemory\widget.h : warning C4819: 该文件包含不能在当前代码页(936)中表示的字符。请将该文件保存为 Unicode 格式以防止数据丢失 (widget.cpp)
     1>d:\workspace\readsharedmemory\widget.h : warning C4819: 该文件包含不能在当前代码页(936)中表示的字符。请将该文件保存为 Unicode 格式以防止数据丢失 (main.cpp)
     1>d:\workspace\readsharedmemory\debug\../widget.h : warning C4819: 该文件包含不能在当前代码页(936)中表示的字符。请将该文件保存为 Unicode 格式以防止数据丢失 (Debug\moc_widget.cpp)
       Link:
         C:\Program Files (x86)\Microsoft Visual Studio 12.0\VC\bin\x86_amd64\link.exe /ERRORREPORT:PROMPT /OUT:"debug\\readSharedMemory.exe" /NOLOGO /LIBPATH:C:\Qt\Qt5.10.1\5.10.1\msvc2013_64\lib /LIBPATH:C:\utils\my_sql\my_sql\lib /LIBPATH:C:\utils\postgresql\pgsql\lib /LIBPATH:C:\Qt\Qt5.10.1\5.10.1\msvc2013_64\lib C:\Qt\Qt5.10.1\5.10.1\msvc2013_64\lib\qtmaind.lib shell32.lib C:\Qt\Qt5.10.1\5.10.1\msvc2013_64\lib\Qt5Widgetsd.lib C:\Qt\Qt5.10.1\5.10.1\msvc2013_64\lib\Qt5Guid.lib C:\Qt\Qt5.10.1\5.10.1\msvc2013_64\lib\Qt5Cored.lib opencv_world341.lib opencv_world341d.lib kernel32.lib user32.lib gdi32.lib winspool.lib comdlg32.lib advapi32.lib shell32.lib ole32.lib oleaut32.lib uuid.lib odbc32.lib odbccp32.lib /MANIFEST /MANIFESTUAC:"level='asInvoker' uiAccess='false'" /manifest:embed /DEBUG /PDB:"debug\readSharedMemory.pdb" /SUBSYSTEM:WINDOWS /TLBID:1 /DYNAMICBASE /NXCOMPAT /MACHINE:X64 "/MANIFESTDEPENDENCY:type='win32' name='Microsoft.Windows.Common-Controls' version='6.0.0.0' publicKeyToken='6595b64144ccf1df' language='*' processorArchitecture='*'" x64\Debug\main.obj
         x64\Debug\widget.obj
         x64\Debug\moc_widget.obj
         readSharedMemory.vcxproj -> D:\Workspace\readSharedMemory\debug\readSharedMemory.exe
     1>已完成生成项目“D:\Workspace\readSharedMemory\readSharedMemory.vcxproj”(Build 个目标)的操作。

生成成功。

已用时间 00:00:05.00
